<?xml version="1.0" encoding="UTF-8"?>
<!-- Generated by org.testng.reporters.JUnitReportReporter -->
<testsuite hostname="lenovo-PC" name="test.testcases.notice.NoticeTest" tests="7" failures="0" timestamp="31 May 2014 08:35:24 GMT" time="236.679" errors="0">
  <testcase name="testReceive" time="18.585" classname="test.testcases.notice.NoticeTest"/>
  <testcase name="testSend" time="48.896" classname="test.testcases.notice.NoticeTest"/>
  <testcase name="testReceiveTip" time="42.333" classname="test.testcases.notice.NoticeTest"/>
  <testcase name="testDelete" time="12.406" classname="test.testcases.notice.NoticeTest"/>
  <testcase name="testEdit" time="41.475" classname="test.testcases.notice.NoticeTest"/>
  <testcase name="testStatic" time="22.058" classname="test.testcases.notice.NoticeTest"/>
  <testcase name="testSend" time="50.926" classname="test.testcases.notice.NoticeTest"/>
</testsuite> <!-- test.testcases.notice.NoticeTest -->
