<?xml version="1.0" encoding="UTF-8"?>
<!-- Generated by org.testng.reporters.JUnitReportReporter -->
<testsuite hostname="lenovo-PC" name="test.testcases.organization.DepartmentTest" tests="1" failures="0" timestamp="22 May 2014 02:47:29 GMT" time="14.771" errors="0">
  <testcase name="testDelete" time="14.771" classname="test.testcases.organization.DepartmentTest"/>
</testsuite> <!-- test.testcases.organization.DepartmentTest -->
